<?xml version="1.0" encoding="UTF-8"?>
<TestRun id="98514cce-a68e-4c43-9dfb-4be7eea28851" name="smorey@DEGW01SMOREY 2018-02-01 10:55:04" runUser="DEG\smorey" xmlns="http://microsoft.com/schemas/VisualStudio/TeamTest/2010">
  <Times creation="2018-02-01T10:55:04.4093564-06:00" queuing="2018-02-01T10:55:04.4093728-06:00" start="2018-02-01T10:55:03.3071110-06:00" finish="2018-02-01T10:55:04.4276405-06:00" />
  <TestSettings name="default" id="cc2bf16c-f64a-4059-b906-6353bfcde460">
    <Deployment runDeploymentRoot="smorey_DEGW01SMOREY_2018-02-01_10_55_04" />
  </TestSettings>
  <Results>
    <UnitTestResult executionId="0373c310-2554-4d46-ac68-4427fce7850c" testId="9e888006-d119-4083-a3b3-bcef08f96952" testName="TestMethod1" computerName="DEGW01SMOREY" duration="00:00:00.0052065" startTime="2018-02-01T10:55:04.0803786-06:00" endTime="2018-02-01T10:55:04.1340040-06:00" testType="13cdc9d9-ddb5-4fa4-a97d-d965ccfc6d4b" outcome="Passed" testListId="8c84fa94-04c1-424b-9868-57a2d4851a1d" relativeResultsDirectory="0373c310-2554-4d46-ac68-4427fce7850c" />
  </Results>
  <TestDefinitions>
    <UnitTest name="TestMethod1" storage="c:\_github\hootsuite-rest\src.net\hootsuite.rest.tests\bin\release\netcoreapp2.0\hootsuite.rest.tests.netcore.dll" id="9e888006-d119-4083-a3b3-bcef08f96952">
      <Execution id="0373c310-2554-4d46-ac68-4427fce7850c" />
      <TestMethod codeBase="C:\_GITHUB\hootsuite-rest\src.net\Hootsuite.Rest.Tests\bin\Release\netcoreapp2.0\Hootsuite.Rest.Tests.NetCore.dll" executorUriOfAdapter="executor://mstestadapter/v2" className="Hootsuite.Tests.NetCore.UnitTest1" name="TestMethod1" />
    </UnitTest>
  </TestDefinitions>
  <TestEntries>
    <TestEntry testId="9e888006-d119-4083-a3b3-bcef08f96952" executionId="0373c310-2554-4d46-ac68-4427fce7850c" testListId="8c84fa94-04c1-424b-9868-57a2d4851a1d" />
  </TestEntries>
  <TestLists>
    <TestList name="Results Not in a List" id="8c84fa94-04c1-424b-9868-57a2d4851a1d" />
    <TestList name="All Loaded Results" id="19431567-8539-422a-85d7-44ee4e166bda" />
  </TestLists>
  <ResultSummary outcome="Completed">
    <Counters total="1" executed="1" passed="1" failed="0" error="0" timeout="0" aborted="0" inconclusive="0" passedButRunAborted="0" notRunnable="0" notExecuted="0" disconnected="0" warning="0" completed="0" inProgress="0" pending="0" />
  </ResultSummary>
</TestRun>